This is XeTeX, Version 3.141592653-2.6-0.999997 (TeX Live 2025) (preloaded format=xelatex 2025.10.20)  22 JAN 2026 17:23
entering extended mode
 restricted \write18 enabled.
 %&-line parsing enabled.
**"/Users/ajr/My\ Drive\ (rominger@hawaii.edu)/teaching/uhm-biostats/stat-mod/img/dyn-doc/test.tex"
! Emergency stop.
<to be read again> 
                   \ 
<*> "/Users/ajr/My\ 
                    Drive\ (rominger@hawaii.edu)/teaching/uhm-biostats/stat-...
*** (job aborted, file error in nonstop mode)

 
Here is how much of TeX's memory you used:
 3 strings out of 470344
 23 string characters out of 5483743
 426345 words of memory out of 5000000
 28492 multiletter control sequences out of 15000+600000
 627721 words of font info for 40 fonts, out of 8000000 for 9000
 36 hyphenation exceptions out of 8191
 1i,0n,0p,1b,6s stack positions out of 10000i,1000n,20000p,200000b,200000s
No pages of output.
